[2m2020-06-16 10:57:08.684[0;39m [32m INFO[0;39m [35m18592[0;39m [2m---[0;39m [2m[  restartedMain][0;39m [36m.e.DevToolsPropertyDefaultsPostProcessor[0;39m [2m:[0;39m Devtools property defaults active! Set 'spring.devtools.add-properties' to 'false' to disable
[2m2020-06-16 10:57:08.688[0;39m [32m INFO[0;39m [35m18592[0;39m [2m---[0;39m [2m[  restartedMain][0;39m [36m.e.DevToolsPropertyDefaultsPostProcessor[0;39m [2m:[0;39m For additional web related logging consider setting the 'logging.level.web' property to 'DEBUG'
[2m2020-06-16 10:57:10.179[0;39m [32m INFO[0;39m [35m18592[0;39m [2m---[0;39m [2m[  restartedMain][0;39m [36mtrationDelegate$BeanPostProcessorChecker[0;39m [2m:[0;39m Bean 'org.springframework.ws.config.annotation.DelegatingWsConfiguration' of type [org.springframework.ws.config.annotation.DelegatingWsConfiguration$$EnhancerBySpringCGLIB$$d8dc7ca5] is not eligible for getting processed by all BeanPostProcessors (for example: not eligible for auto-proxying)
[2m2020-06-16 10:57:10.216[0;39m [32m INFO[0;39m [35m18592[0;39m [2m---[0;39m [2m[  restartedMain][0;39m [36m.w.s.a.s.AnnotationActionEndpointMapping[0;39m [2m:[0;39m Supporting [WS-Addressing August 2004, WS-Addressing 1.0]
[2m2020-06-16 10:57:10.543[0;39m [32m INFO[0;39m [35m18592[0;39m [2m---[0;39m [2m[  restartedMain][0;39m [36mo.s.b.w.embedded.tomcat.TomcatWebServer [0;39m [2m:[0;39m Tomcat initialized with port(s): 9999 (http)
[2m2020-06-16 10:57:10.702[0;39m [32m INFO[0;39m [35m18592[0;39m [2m---[0;39m [2m[  restartedMain][0;39m [36mo.s.web.context.ContextLoader           [0;39m [2m:[0;39m Root WebApplicationContext: initialization completed in 2014 ms
[2m2020-06-16 10:57:11.494[0;39m [32m INFO[0;39m [35m18592[0;39m [2m---[0;39m [2m[  restartedMain][0;39m [36mo.s.s.concurrent.ThreadPoolTaskExecutor [0;39m [2m:[0;39m Initializing ExecutorService 'applicationTaskExecutor'
[2m2020-06-16 10:57:11.534[0;39m [32m INFO[0;39m [35m18592[0;39m [2m---[0;39m [2m[  restartedMain][0;39m [36mo.s.b.d.a.OptionalLiveReloadServer      [0;39m [2m:[0;39m LiveReload server is running on port 35729
[2m2020-06-16 10:57:12.035[0;39m [32m INFO[0;39m [35m18592[0;39m [2m---[0;39m [2m[  restartedMain][0;39m [36mo.s.b.w.embedded.tomcat.TomcatWebServer [0;39m [2m:[0;39m Tomcat started on port(s): 9999 (http) with context path ''
[2m2020-06-16 10:58:39.726[0;39m [32m INFO[0;39m [35m18592[0;39m [2m---[0;39m [2m[       Thread-5][0;39m [36mo.s.s.concurrent.ThreadPoolTaskExecutor [0;39m [2m:[0;39m Shutting down ExecutorService 'applicationTaskExecutor'
[2m2020-06-16 10:58:40.917[0;39m [32m INFO[0;39m [35m18592[0;39m [2m---[0;39m [2m[  restartedMain][0;39m [36mtrationDelegate$BeanPostProcessorChecker[0;39m [2m:[0;39m Bean 'org.springframework.ws.config.annotation.DelegatingWsConfiguration' of type [org.springframework.ws.config.annotation.DelegatingWsConfiguration$$EnhancerBySpringCGLIB$$d8dc7ca5] is not eligible for getting processed by all BeanPostProcessors (for example: not eligible for auto-proxying)
[2m2020-06-16 10:58:40.919[0;39m [32m INFO[0;39m [35m18592[0;39m [2m---[0;39m [2m[  restartedMain][0;39m [36m.w.s.a.s.AnnotationActionEndpointMapping[0;39m [2m:[0;39m Supporting [WS-Addressing August 2004, WS-Addressing 1.0]
[2m2020-06-16 10:58:41.066[0;39m [32m INFO[0;39m [35m18592[0;39m [2m---[0;39m [2m[  restartedMain][0;39m [36mo.s.b.w.embedded.tomcat.TomcatWebServer [0;39m [2m:[0;39m Tomcat initialized with port(s): 9999 (http)
[2m2020-06-16 10:58:41.114[0;39m [32m INFO[0;39m [35m18592[0;39m [2m---[0;39m [2m[  restartedMain][0;39m [36mo.s.web.context.ContextLoader           [0;39m [2m:[0;39m Root WebApplicationContext: initialization completed in 952 ms
[2m2020-06-16 10:58:41.346[0;39m [32m INFO[0;39m [35m18592[0;39m [2m---[0;39m [2m[  restartedMain][0;39m [36mo.s.s.concurrent.ThreadPoolTaskExecutor [0;39m [2m:[0;39m Initializing ExecutorService 'applicationTaskExecutor'
[2m2020-06-16 10:58:41.353[0;39m [32m INFO[0;39m [35m18592[0;39m [2m---[0;39m [2m[  restartedMain][0;39m [36mo.s.b.d.a.OptionalLiveReloadServer      [0;39m [2m:[0;39m LiveReload server is running on port 35729
[2m2020-06-16 10:58:41.533[0;39m [32m INFO[0;39m [35m18592[0;39m [2m---[0;39m [2m[  restartedMain][0;39m [36mo.s.b.w.embedded.tomcat.TomcatWebServer [0;39m [2m:[0;39m Tomcat started on port(s): 9999 (http) with context path ''
[2m2020-06-16 10:58:41.536[0;39m [32m INFO[0;39m [35m18592[0;39m [2m---[0;39m [2m[  restartedMain][0;39m [36m.ConditionEvaluationDeltaLoggingListener[0;39m [2m:[0;39m Condition evaluation unchanged
[2m2020-06-16 10:59:13.395[0;39m [32m INFO[0;39m [35m18592[0;39m [2m---[0;39m [2m[nio-9999-exec-1][0;39m [36mo.s.web.servlet.DispatcherServlet       [0;39m [2m:[0;39m Initializing Servlet 'dispatcherServlet'
[2m2020-06-16 10:59:13.403[0;39m [32m INFO[0;39m [35m18592[0;39m [2m---[0;39m [2m[nio-9999-exec-1][0;39m [36mo.s.web.servlet.DispatcherServlet       [0;39m [2m:[0;39m Completed initialization in 8 ms
[2m2020-06-16 11:05:58.104[0;39m [32mDEBUG[0;39m [35m18592[0;39m [2m---[0;39m [2m[io-9999-exec-10][0;39m [36mc.s.happyhouse.controller.QnAController [0;39m [2m:[0;39m retrieveQnA - 호출
[2m2020-06-16 23:08:38.697[0;39m [32mDEBUG[0;39m [35m18592[0;39m [2m---[0;39m [2m[nio-9999-exec-3][0;39m [36mc.s.happyhouse.controller.QnAController [0;39m [2m:[0;39m retrieveQnA - 호출
[2m2020-06-16 23:08:39.606[0;39m [32mDEBUG[0;39m [35m18592[0;39m [2m---[0;39m [2m[nio-9999-exec-4][0;39m [36mc.s.happyhouse.controller.QnAController [0;39m [2m:[0;39m detailBoard - 호출
[2m2020-06-16 23:08:55.290[0;39m [32mDEBUG[0;39m [35m18592[0;39m [2m---[0;39m [2m[nio-9999-exec-5][0;39m [36mc.s.happyhouse.controller.QnAController [0;39m [2m:[0;39m retrieveQnA - 호출
[2m2020-06-16 23:09:13.546[0;39m [32mDEBUG[0;39m [35m18592[0;39m [2m---[0;39m [2m[nio-9999-exec-8][0;39m [36mc.s.happyhouse.controller.QnAController [0;39m [2m:[0;39m retrieveQnA - 호출
[2m2020-06-16 23:18:53.863[0;39m [32mDEBUG[0;39m [35m18592[0;39m [2m---[0;39m [2m[io-9999-exec-10][0;39m [36mc.s.happyhouse.controller.QnAController [0;39m [2m:[0;39m retrieveQnA - 호출
