<<<<<<< HEAD
[2m2020-06-18 00:08:04.664[0;39m [32m INFO[0;39m [35m18592[0;39m [2m---[0;39m [2m[on(2)-127.0.0.1][0;39m [36minMXBeanRegistrar$SpringApplicationAdmin[0;39m [2m:[0;39m Application shutdown requested.
[2m2020-06-18 00:08:04.738[0;39m [32m INFO[0;39m [35m18592[0;39m [2m---[0;39m [2m[on(2)-127.0.0.1][0;39m [36mo.s.s.concurrent.ThreadPoolTaskExecutor [0;39m [2m:[0;39m Shutting down ExecutorService 'applicationTaskExecutor'
=======
[2m2020-06-17 09:46:30.608[0;39m [32m INFO[0;39m [35m29460[0;39m [2m---[0;39m [2m[  restartedMain][0;39m [36m.e.DevToolsPropertyDefaultsPostProcessor[0;39m [2m:[0;39m Devtools property defaults active! Set 'spring.devtools.add-properties' to 'false' to disable
[2m2020-06-17 09:46:30.623[0;39m [32m INFO[0;39m [35m29460[0;39m [2m---[0;39m [2m[  restartedMain][0;39m [36m.e.DevToolsPropertyDefaultsPostProcessor[0;39m [2m:[0;39m For additional web related logging consider setting the 'logging.level.web' property to 'DEBUG'
[2m2020-06-17 09:46:33.920[0;39m [32m INFO[0;39m [35m29460[0;39m [2m---[0;39m [2m[  restartedMain][0;39m [36mtrationDelegate$BeanPostProcessorChecker[0;39m [2m:[0;39m Bean 'org.springframework.ws.config.annotation.DelegatingWsConfiguration' of type [org.springframework.ws.config.annotation.DelegatingWsConfiguration$$EnhancerBySpringCGLIB$$e185cb70] is not eligible for getting processed by all BeanPostProcessors (for example: not eligible for auto-proxying)
[2m2020-06-17 09:46:34.015[0;39m [32m INFO[0;39m [35m29460[0;39m [2m---[0;39m [2m[  restartedMain][0;39m [36m.w.s.a.s.AnnotationActionEndpointMapping[0;39m [2m:[0;39m Supporting [WS-Addressing August 2004, WS-Addressing 1.0]
[2m2020-06-17 09:46:34.961[0;39m [32m INFO[0;39m [35m29460[0;39m [2m---[0;39m [2m[  restartedMain][0;39m [36mo.s.b.w.embedded.tomcat.TomcatWebServer [0;39m [2m:[0;39m Tomcat initialized with port(s): 9999 (http)
[2m2020-06-17 09:46:35.236[0;39m [32m INFO[0;39m [35m29460[0;39m [2m---[0;39m [2m[  restartedMain][0;39m [36mo.s.web.context.ContextLoader           [0;39m [2m:[0;39m Root WebApplicationContext: initialization completed in 4612 ms
[2m2020-06-17 09:46:36.789[0;39m [32m INFO[0;39m [35m29460[0;39m [2m---[0;39m [2m[  restartedMain][0;39m [36mo.s.s.concurrent.ThreadPoolTaskExecutor [0;39m [2m:[0;39m Initializing ExecutorService 'applicationTaskExecutor'
[2m2020-06-17 09:46:36.860[0;39m [33m WARN[0;39m [35m29460[0;39m [2m---[0;39m [2m[  restartedMain][0;39m [36mo.s.b.d.a.OptionalLiveReloadServer      [0;39m [2m:[0;39m Unable to start LiveReload server
[2m2020-06-17 09:46:37.661[0;39m [32m INFO[0;39m [35m29460[0;39m [2m---[0;39m [2m[  restartedMain][0;39m [36mo.s.b.w.embedded.tomcat.TomcatWebServer [0;39m [2m:[0;39m Tomcat started on port(s): 9999 (http) with context path ''
[2m2020-06-17 09:46:52.035[0;39m [32m INFO[0;39m [35m29460[0;39m [2m---[0;39m [2m[nio-9999-exec-1][0;39m [36mo.s.web.servlet.DispatcherServlet       [0;39m [2m:[0;39m Initializing Servlet 'dispatcherServlet'
[2m2020-06-17 09:46:52.049[0;39m [32m INFO[0;39m [35m29460[0;39m [2m---[0;39m [2m[nio-9999-exec-1][0;39m [36mo.s.web.servlet.DispatcherServlet       [0;39m [2m:[0;39m Completed initialization in 13 ms
[2m2020-06-17 10:24:23.192[0;39m [32mDEBUG[0;39m [35m29460[0;39m [2m---[0;39m [2m[nio-9999-exec-4][0;39m [36mc.s.happyhouse.controller.QnAController [0;39m [2m:[0;39m retrieveQnA - 호출
[2m2020-06-17 10:24:40.064[0;39m [32mDEBUG[0;39m [35m29460[0;39m [2m---[0;39m [2m[nio-9999-exec-3][0;39m [36mc.s.happyhouse.controller.QnAController [0;39m [2m:[0;39m retrieveQnA - 호출
[2m2020-06-17 10:25:00.713[0;39m [32mDEBUG[0;39m [35m29460[0;39m [2m---[0;39m [2m[nio-9999-exec-8][0;39m [36mc.s.happyhouse.controller.QnAController [0;39m [2m:[0;39m retrieveQnA - 호출
[2m2020-06-17 10:25:08.837[0;39m [32mDEBUG[0;39m [35m29460[0;39m [2m---[0;39m [2m[nio-9999-exec-7][0;39m [36mc.s.happyhouse.controller.QnAController [0;39m [2m:[0;39m retrieveQnA - 호출
[2m2020-06-17 10:25:26.487[0;39m [32mDEBUG[0;39m [35m29460[0;39m [2m---[0;39m [2m[io-9999-exec-10][0;39m [36mc.s.happyhouse.controller.QnAController [0;39m [2m:[0;39m retrieveQnA - 호출
[2m2020-06-17 10:28:59.087[0;39m [32m INFO[0;39m [35m27216[0;39m [2m---[0;39m [2m[  restartedMain][0;39m [36m.e.DevToolsPropertyDefaultsPostProcessor[0;39m [2m:[0;39m Devtools property defaults active! Set 'spring.devtools.add-properties' to 'false' to disable
[2m2020-06-17 10:28:59.091[0;39m [32m INFO[0;39m [35m27216[0;39m [2m---[0;39m [2m[  restartedMain][0;39m [36m.e.DevToolsPropertyDefaultsPostProcessor[0;39m [2m:[0;39m For additional web related logging consider setting the 'logging.level.web' property to 'DEBUG'
[2m2020-06-17 10:29:01.358[0;39m [32m INFO[0;39m [35m27216[0;39m [2m---[0;39m [2m[  restartedMain][0;39m [36mtrationDelegate$BeanPostProcessorChecker[0;39m [2m:[0;39m Bean 'org.springframework.ws.config.annotation.DelegatingWsConfiguration' of type [org.springframework.ws.config.annotation.DelegatingWsConfiguration$$EnhancerBySpringCGLIB$$d18133f2] is not eligible for getting processed by all BeanPostProcessors (for example: not eligible for auto-proxying)
[2m2020-06-17 10:29:01.438[0;39m [32m INFO[0;39m [35m27216[0;39m [2m---[0;39m [2m[  restartedMain][0;39m [36m.w.s.a.s.AnnotationActionEndpointMapping[0;39m [2m:[0;39m Supporting [WS-Addressing August 2004, WS-Addressing 1.0]
[2m2020-06-17 10:29:01.940[0;39m [32m INFO[0;39m [35m27216[0;39m [2m---[0;39m [2m[  restartedMain][0;39m [36mo.s.b.w.embedded.tomcat.TomcatWebServer [0;39m [2m:[0;39m Tomcat initialized with port(s): 9999 (http)
[2m2020-06-17 10:29:02.076[0;39m [32m INFO[0;39m [35m27216[0;39m [2m---[0;39m [2m[  restartedMain][0;39m [36mo.s.web.context.ContextLoader           [0;39m [2m:[0;39m Root WebApplicationContext: initialization completed in 2985 ms
[2m2020-06-17 10:29:03.209[0;39m [32m INFO[0;39m [35m27216[0;39m [2m---[0;39m [2m[  restartedMain][0;39m [36mo.s.s.concurrent.ThreadPoolTaskExecutor [0;39m [2m:[0;39m Initializing ExecutorService 'applicationTaskExecutor'
[2m2020-06-17 10:29:03.258[0;39m [32m INFO[0;39m [35m27216[0;39m [2m---[0;39m [2m[  restartedMain][0;39m [36mo.s.b.d.a.OptionalLiveReloadServer      [0;39m [2m:[0;39m LiveReload server is running on port 35729
[2m2020-06-17 10:29:03.891[0;39m [32m INFO[0;39m [35m27216[0;39m [2m---[0;39m [2m[  restartedMain][0;39m [36mConditionEvaluationReportLoggingListener[0;39m [2m:[0;39m 

Error starting ApplicationContext. To display the conditions report re-run your application with 'debug' enabled.
[2m2020-06-17 10:29:03.898[0;39m [31mERROR[0;39m [35m27216[0;39m [2m---[0;39m [2m[  restartedMain][0;39m [36mo.s.b.d.LoggingFailureAnalysisReporter  [0;39m [2m:[0;39m 

***************************
APPLICATION FAILED TO START
***************************

Description:

Web server failed to start. Port 9999 was already in use.

Action:

Identify and stop the process that's listening on port 9999 or configure this application to listen on another port.

[2m2020-06-17 10:29:03.905[0;39m [32m INFO[0;39m [35m27216[0;39m [2m---[0;39m [2m[  restartedMain][0;39m [36mo.s.s.concurrent.ThreadPoolTaskExecutor [0;39m [2m:[0;39m Shutting down ExecutorService 'applicationTaskExecutor'
[2m2020-06-17 10:56:15.924[0;39m [32mDEBUG[0;39m [35m29460[0;39m [2m---[0;39m [2m[nio-9999-exec-8][0;39m [36mc.s.happyhouse.controller.QnAController [0;39m [2m:[0;39m retrieveQnA - 호출
[2m2020-06-17 10:56:47.737[0;39m [32mDEBUG[0;39m [35m29460[0;39m [2m---[0;39m [2m[nio-9999-exec-9][0;39m [36mc.s.happyhouse.controller.QnAController [0;39m [2m:[0;39m retrieveQnA - 호출
[2m2020-06-17 10:57:00.226[0;39m [32mDEBUG[0;39m [35m29460[0;39m [2m---[0;39m [2m[nio-9999-exec-1][0;39m [36mc.s.happyhouse.controller.QnAController [0;39m [2m:[0;39m retrieveQnA - 호출
[2m2020-06-17 10:58:31.322[0;39m [32mDEBUG[0;39m [35m29460[0;39m [2m---[0;39m [2m[nio-9999-exec-5][0;39m [36mc.s.happyhouse.controller.QnAController [0;39m [2m:[0;39m retrieveQnA - 호출
[2m2020-06-17 10:58:40.834[0;39m [32mDEBUG[0;39m [35m29460[0;39m [2m---[0;39m [2m[nio-9999-exec-1][0;39m [36mc.s.happyhouse.controller.QnAController [0;39m [2m:[0;39m retrieveQnA - 호출
[2m2020-06-17 11:04:15.752[0;39m [32mDEBUG[0;39m [35m29460[0;39m [2m---[0;39m [2m[nio-9999-exec-7][0;39m [36mc.s.happyhouse.controller.QnAController [0;39m [2m:[0;39m retrieveQnA - 호출
[2m2020-06-17 11:04:23.367[0;39m [32mDEBUG[0;39m [35m29460[0;39m [2m---[0;39m [2m[nio-9999-exec-4][0;39m [36mc.s.happyhouse.controller.QnAController [0;39m [2m:[0;39m retrieveQnA - 호출
[2m2020-06-17 11:06:35.007[0;39m [32mDEBUG[0;39m [35m29460[0;39m [2m---[0;39m [2m[nio-9999-exec-5][0;39m [36mc.s.happyhouse.controller.QnAController [0;39m [2m:[0;39m retrieveQnA - 호출
[2m2020-06-17 11:08:38.182[0;39m [32mDEBUG[0;39m [35m29460[0;39m [2m---[0;39m [2m[nio-9999-exec-1][0;39m [36mc.s.happyhouse.controller.QnAController [0;39m [2m:[0;39m retrieveQnA - 호출
[2m2020-06-17 11:09:27.838[0;39m [32mDEBUG[0;39m [35m29460[0;39m [2m---[0;39m [2m[nio-9999-exec-4][0;39m [36mc.s.happyhouse.controller.QnAController [0;39m [2m:[0;39m retrieveQnA - 호출
[2m2020-06-17 11:12:24.725[0;39m [32mDEBUG[0;39m [35m29460[0;39m [2m---[0;39m [2m[nio-9999-exec-7][0;39m [36mc.s.happyhouse.controller.QnAController [0;39m [2m:[0;39m retrieveQnA - 호출
[2m2020-06-17 11:19:03.092[0;39m [32mDEBUG[0;39m [35m29460[0;39m [2m---[0;39m [2m[nio-9999-exec-4][0;39m [36mc.s.happyhouse.controller.QnAController [0;39m [2m:[0;39m retrieveQnA - 호출
[2m2020-06-17 11:20:17.725[0;39m [32mDEBUG[0;39m [35m29460[0;39m [2m---[0;39m [2m[nio-9999-exec-7][0;39m [36mc.s.happyhouse.controller.QnAController [0;39m [2m:[0;39m retrieveQnA - 호출
[2m2020-06-17 11:26:50.714[0;39m [32mDEBUG[0;39m [35m29460[0;39m [2m---[0;39m [2m[nio-9999-exec-2][0;39m [36mc.s.happyhouse.controller.QnAController [0;39m [2m:[0;39m retrieveQnA - 호출
[2m2020-06-17 11:53:42.562[0;39m [32mDEBUG[0;39m [35m29460[0;39m [2m---[0;39m [2m[nio-9999-exec-3][0;39m [36mc.s.happyhouse.controller.QnAController [0;39m [2m:[0;39m retrieveQnA - 호출
[2m2020-06-17 13:09:58.630[0;39m [33m WARN[0;39m [35m29460[0;39m [2m---[0;39m [2m[l-1 housekeeper][0;39m [36mcom.zaxxer.hikari.pool.HikariPool       [0;39m [2m:[0;39m HikariPool-1 - Thread starvation or clock leap detected (housekeeper delta=57m5s300ms922µs700ns).
[2m2020-06-17 13:10:23.540[0;39m [32mDEBUG[0;39m [35m29460[0;39m [2m---[0;39m [2m[nio-9999-exec-7][0;39m [36mc.s.happyhouse.controller.QnAController [0;39m [2m:[0;39m retrieveQnA - 호출
[2m2020-06-17 13:11:48.442[0;39m [32mDEBUG[0;39m [35m29460[0;39m [2m---[0;39m [2m[io-9999-exec-10][0;39m [36mc.s.happyhouse.controller.QnAController [0;39m [2m:[0;39m retrieveQnA - 호출
[2m2020-06-17 13:15:47.196[0;39m [32mDEBUG[0;39m [35m29460[0;39m [2m---[0;39m [2m[nio-9999-exec-3][0;39m [36mc.s.happyhouse.controller.QnAController [0;39m [2m:[0;39m retrieveQnA - 호출
[2m2020-06-17 13:16:00.351[0;39m [32mDEBUG[0;39m [35m29460[0;39m [2m---[0;39m [2m[nio-9999-exec-5][0;39m [36mc.s.happyhouse.controller.QnAController [0;39m [2m:[0;39m retrieveQnA - 호출
[2m2020-06-17 13:40:34.646[0;39m [32mDEBUG[0;39m [35m29460[0;39m [2m---[0;39m [2m[nio-9999-exec-6][0;39m [36mc.s.happyhouse.controller.QnAController [0;39m [2m:[0;39m retrieveQnA - 호출
[2m2020-06-17 13:51:06.139[0;39m [32mDEBUG[0;39m [35m29460[0;39m [2m---[0;39m [2m[nio-9999-exec-7][0;39m [36mc.s.happyhouse.controller.QnAController [0;39m [2m:[0;39m retrieveQnA - 호출
[2m2020-06-17 13:51:07.644[0;39m [32mDEBUG[0;39m [35m29460[0;39m [2m---[0;39m [2m[nio-9999-exec-9][0;39m [36mc.s.happyhouse.controller.QnAController [0;39m [2m:[0;39m retrieveQnA - 호출
[2m2020-06-17 13:56:01.546[0;39m [32mDEBUG[0;39m [35m29460[0;39m [2m---[0;39m [2m[nio-9999-exec-4][0;39m [36mc.s.happyhouse.controller.QnAController [0;39m [2m:[0;39m retrieveQnA - 호출
[2m2020-06-17 14:02:30.273[0;39m [32mDEBUG[0;39m [35m29460[0;39m [2m---[0;39m [2m[nio-9999-exec-1][0;39m [36mc.s.happyhouse.controller.QnAController [0;39m [2m:[0;39m retrieveQnA - 호출
[2m2020-06-17 14:04:13.878[0;39m [32mDEBUG[0;39m [35m29460[0;39m [2m---[0;39m [2m[nio-9999-exec-1][0;39m [36mc.s.happyhouse.controller.QnAController [0;39m [2m:[0;39m retrieveQnA - 호출
[2m2020-06-17 14:06:52.615[0;39m [32mDEBUG[0;39m [35m29460[0;39m [2m---[0;39m [2m[io-9999-exec-10][0;39m [36mc.s.happyhouse.controller.QnAController [0;39m [2m:[0;39m retrieveQnA - 호출
[2m2020-06-17 14:14:45.208[0;39m [32mDEBUG[0;39m [35m29460[0;39m [2m---[0;39m [2m[nio-9999-exec-1][0;39m [36mc.s.happyhouse.controller.QnAController [0;39m [2m:[0;39m retrieveQnA - 호출
[2m2020-06-17 14:18:35.260[0;39m [32mDEBUG[0;39m [35m29460[0;39m [2m---[0;39m [2m[nio-9999-exec-3][0;39m [36mc.s.happyhouse.controller.QnAController [0;39m [2m:[0;39m retrieveQnA - 호출
[2m2020-06-17 14:20:04.377[0;39m [32mDEBUG[0;39m [35m29460[0;39m [2m---[0;39m [2m[io-9999-exec-10][0;39m [36mc.s.happyhouse.controller.QnAController [0;39m [2m:[0;39m retrieveQnA - 호출
[2m2020-06-17 14:20:50.619[0;39m [32mDEBUG[0;39m [35m29460[0;39m [2m---[0;39m [2m[nio-9999-exec-7][0;39m [36mc.s.happyhouse.controller.QnAController [0;39m [2m:[0;39m retrieveQnA - 호출
[2m2020-06-17 14:20:51.738[0;39m [32mDEBUG[0;39m [35m29460[0;39m [2m---[0;39m [2m[nio-9999-exec-9][0;39m [36mc.s.happyhouse.controller.QnAController [0;39m [2m:[0;39m retrieveQnA - 호출
[2m2020-06-17 14:20:52.976[0;39m [32mDEBUG[0;39m [35m29460[0;39m [2m---[0;39m [2m[io-9999-exec-10][0;39m [36mc.s.happyhouse.controller.QnAController [0;39m [2m:[0;39m retrieveQnA - 호출
[2m2020-06-17 14:22:49.682[0;39m [32mDEBUG[0;39m [35m29460[0;39m [2m---[0;39m [2m[nio-9999-exec-8][0;39m [36mc.s.happyhouse.controller.QnAController [0;39m [2m:[0;39m retrieveQnA - 호출
[2m2020-06-17 14:28:47.116[0;39m [32mDEBUG[0;39m [35m29460[0;39m [2m---[0;39m [2m[nio-9999-exec-7][0;39m [36mc.s.happyhouse.controller.QnAController [0;39m [2m:[0;39m retrieveQnA - 호출
[2m2020-06-17 14:29:56.898[0;39m [32mDEBUG[0;39m [35m29460[0;39m [2m---[0;39m [2m[nio-9999-exec-3][0;39m [36mc.s.happyhouse.controller.QnAController [0;39m [2m:[0;39m retrieveQnA - 호출
[2m2020-06-17 14:30:12.231[0;39m [32mDEBUG[0;39m [35m29460[0;39m [2m---[0;39m [2m[nio-9999-exec-8][0;39m [36mc.s.happyhouse.controller.QnAController [0;39m [2m:[0;39m retrieveQnA - 호출
[2m2020-06-17 16:44:33.624[0;39m [32m INFO[0;39m [35m29460[0;39m [2m---[0;39m [2m[on(2)-127.0.0.1][0;39m [36minMXBeanRegistrar$SpringApplicationAdmin[0;39m [2m:[0;39m Application shutdown requested.
[2m2020-06-17 16:44:33.718[0;39m [32m INFO[0;39m [35m29460[0;39m [2m---[0;39m [2m[on(2)-127.0.0.1][0;39m [36mo.s.s.concurrent.ThreadPoolTaskExecutor [0;39m [2m:[0;39m Shutting down ExecutorService 'applicationTaskExecutor'
[2m2020-06-17 16:44:55.105[0;39m [32m INFO[0;39m [35m16552[0;39m [2m---[0;39m [2m[  restartedMain][0;39m [36m.e.DevToolsPropertyDefaultsPostProcessor[0;39m [2m:[0;39m Devtools property defaults active! Set 'spring.devtools.add-properties' to 'false' to disable
[2m2020-06-17 16:44:55.110[0;39m [32m INFO[0;39m [35m16552[0;39m [2m---[0;39m [2m[  restartedMain][0;39m [36m.e.DevToolsPropertyDefaultsPostProcessor[0;39m [2m:[0;39m For additional web related logging consider setting the 'logging.level.web' property to 'DEBUG'
[2m2020-06-17 16:44:57.097[0;39m [32m INFO[0;39m [35m16552[0;39m [2m---[0;39m [2m[  restartedMain][0;39m [36mtrationDelegate$BeanPostProcessorChecker[0;39m [2m:[0;39m Bean 'org.springframework.ws.config.annotation.DelegatingWsConfiguration' of type [org.springframework.ws.config.annotation.DelegatingWsConfiguration$$EnhancerBySpringCGLIB$$81c24115] is not eligible for getting processed by all BeanPostProcessors (for example: not eligible for auto-proxying)
[2m2020-06-17 16:44:57.164[0;39m [32m INFO[0;39m [35m16552[0;39m [2m---[0;39m [2m[  restartedMain][0;39m [36m.w.s.a.s.AnnotationActionEndpointMapping[0;39m [2m:[0;39m Supporting [WS-Addressing August 2004, WS-Addressing 1.0]
[2m2020-06-17 16:44:57.731[0;39m [32m INFO[0;39m [35m16552[0;39m [2m---[0;39m [2m[  restartedMain][0;39m [36mo.s.b.w.embedded.tomcat.TomcatWebServer [0;39m [2m:[0;39m Tomcat initialized with port(s): 9999 (http)
[2m2020-06-17 16:44:57.979[0;39m [32m INFO[0;39m [35m16552[0;39m [2m---[0;39m [2m[  restartedMain][0;39m [36mo.s.web.context.ContextLoader           [0;39m [2m:[0;39m Root WebApplicationContext: initialization completed in 2869 ms
[2m2020-06-17 16:44:59.142[0;39m [32m INFO[0;39m [35m16552[0;39m [2m---[0;39m [2m[  restartedMain][0;39m [36mo.s.s.concurrent.ThreadPoolTaskExecutor [0;39m [2m:[0;39m Initializing ExecutorService 'applicationTaskExecutor'
[2m2020-06-17 16:44:59.187[0;39m [33m WARN[0;39m [35m16552[0;39m [2m---[0;39m [2m[  restartedMain][0;39m [36mo.s.b.d.a.OptionalLiveReloadServer      [0;39m [2m:[0;39m Unable to start LiveReload server
[2m2020-06-17 16:44:59.861[0;39m [32m INFO[0;39m [35m16552[0;39m [2m---[0;39m [2m[  restartedMain][0;39m [36mo.s.b.w.embedded.tomcat.TomcatWebServer [0;39m [2m:[0;39m Tomcat started on port(s): 9999 (http) with context path ''
>>>>>>> 11cadd2d9c6f2ff25990a46541c2b8feb390aeca
